{
  "stats": {
    "suites": 1,
    "tests": 1,
    "passes": 0,
    "pending": 0,
    "failures": 1,
    "start": "2021-09-10T05:22:19.193Z",
    "end": "2021-09-10T05:22:19.824Z",
    "duration": 631,
    "testsRegistered": 1,
    "passPercent": 0,
    "pendingPercent": 0,
    "other": 0,
    "hasOther": false,
    "skipped": 0,
    "hasSkipped": false
  },
  "results": [
    {
      "uuid": "4f9b39af-9383-4b8c-8f4c-daf2b11f02bc",
      "title": "",
      "fullFile": "cypress/integration/2-advanced-examples/UITests/FrameworkTest.js",
      "file": "cypress/integration/2-advanced-examples/UITests/FrameworkTest.js",
      "beforeHooks": [],
      "afterHooks": [],
      "tests": [],
      "suites": [
        {
          "uuid": "88583365-0b0e-44e2-8e5c-5c0753d38466",
          "title": "Data Driven test using fiXtures",
          "fullFile": "",
          "file": "",
          "beforeHooks": [],
          "afterHooks": [],
          "tests": [
            {
              "title": "Driving data",
              "fullTitle": "Data Driven test using fiXtures Driving data",
              "timedOut": null,
              "duration": 477,
              "state": "failed",
              "speed": null,
              "pass": false,
              "fail": true,
              "pending": false,
              "context": null,
              "code": "const homePage = new _HomePage.default();\nconst productsPage = new _ProductsPage.default();\nconst checkOutPage = new _CheckoutPage.default(); //url : https://rahulshettyacademy.com/angularpractice/\ncy.visit(Cypress.env('rahulUrl') + '/angularpractice/');\nhomePage.getName().type(this.data.name);\nhomePage.getName().should('have.value', this.data.name);\nhomePage.getName().should('have.attr', 'minlength', '2');\nhomePage.getName().then(function (element) {\n  var len = element.attr('minlength');\n  expect(len).to.equal('2');\n});\nhomePage.getEntrprenaurRadio().should('be.disabled');\nhomePage.getEmail().type(this.data.email);\nhomePage.getEmail().should('have.value', this.data.email);\nhomePage.getCheckBox().check().should('be.checked');\nhomePage.selectGender().select(this.data.gender); //Click on Shop\nhomePage.getShopButton().click();\nthis.data.productName.forEach(function (element) {\n  cy.productSelector(element);\n}); //click on Checkout\nproductsPage.getCheckOutButton().click();\nvar sum = 0;\ncy.get('tr td:nth-child(4) strong').each(($el, index, $list) => {\n  var res = $el.text().split(\" \")[1].trim();\n  cy.log(res);\n  sum = Number(sum) + Number(res);\n}).then(function () {\n  cy.log(sum);\n}); //Validate the sum \ncy.get('h3 strong').then(function (totalSum) {\n  var total = totalSum.text().split(\" \")[1].trim();\n  expect(sum).to.equal(Number(total));\n});\ncy.contains('Checkout').click(); //Enter COuntry\ncheckOutPage.getCountry().type(this.data.Country);\nCypress.config('defaultCommandTimeout', 8000);\ncy.get('div.suggestions ul li a').click();\ncheckOutPage.getCheckbox().click({\n  force: true\n});\ncheckOutPage.getPurchaseButton().click();\ncheckOutPage.getSuccessMessage().then(function (element) {\n  cy.log(element.text());\n  expect(element.text().includes(\"Success\")).to.be.true;\n});",
              "err": {
                "message": "CypressError: `cy.visit()` failed trying to load:\n\nundefined/angularpractice/\n\nWe failed looking for this file at the path:\n\n/Users/abdul/CypressAutomation/undefined/angularpractice/\n\nThe internal Cypress web server responded with:\n\n  > 404: Not Found",
                "estack": "CypressError: `cy.visit()` failed trying to load:\n\nundefined/angularpractice/\n\nWe failed looking for this file at the path:\n\n/Users/abdul/CypressAutomation/undefined/angularpractice/\n\nThe internal Cypress web server responded with:\n\n  > 404: Not Found\n    at http://localhost:63801/__cypress/runner/cypress_runner.js:144027:25\n    at visitFailedByErr (http://localhost:63801/__cypress/runner/cypress_runner.js:143402:12)\n    at http://localhost:63801/__cypress/runner/cypress_runner.js:144007:13\n    at tryCatcher (http://localhost:63801/__cypress/runner/cypress_runner.js:13212:23)\n    at Promise._settlePromiseFromHandler (http://localhost:63801/__cypress/runner/cypress_runner.js:11147:31)\n    at Promise._settlePromise (http://localhost:63801/__cypress/runner/cypress_runner.js:11204:18)\n    at Promise._settlePromise0 (http://localhost:63801/__cypress/runner/cypress_runner.js:11249:10)\n    at Promise._settlePromises (http://localhost:63801/__cypress/runner/cypress_runner.js:11325:18)\n    at _drainQueueStep (http://localhost:63801/__cypress/runner/cypress_runner.js:7919:12)\n    at _drainQueue (http://localhost:63801/__cypress/runner/cypress_runner.js:7912:9)\n    at Async.../../node_modules/bluebird/js/release/async.js.Async._drainQueues (http://localhost:63801/__cypress/runner/cypress_runner.js:7928:5)\n    at Async.drainQueues (http://localhost:63801/__cypress/runner/cypress_runner.js:7798:14)\nFrom Your Spec Code:\n    at Context.eval (http://localhost:63801/__cypress/tests?p=cypress\\integration\\2-advanced-examples\\UITests\\FrameworkTest.js:260:8)",
                "diff": null
              },
              "uuid": "f0567f7b-444c-4fee-a9e7-293a3cfb43f3",
              "parentUUID": "88583365-0b0e-44e2-8e5c-5c0753d38466",
              "isHook": false,
              "skipped": false
            }
          ],
          "suites": [],
          "passes": [],
          "failures": [
            "f0567f7b-444c-4fee-a9e7-293a3cfb43f3"
          ],
          "pending": [],
          "skipped": [],
          "duration": 477,
          "root": false,
          "rootEmpty": false,
          "_timeout": 2000
        }
      ],
      "passes": [],
      "failures": [],
      "pending": [],
      "skipped": [],
      "duration": 0,
      "root": true,
      "rootEmpty": true,
      "_timeout": 2000
    }
  ],
  "meta": {
    "mocha": {
      "version": "7.0.1"
    },
    "mochawesome": {
      "options": {
        "quiet": false,
        "reportFilename": "mochawesome",
        "saveHtml": false,
        "saveJson": true,
        "consoleReporter": "spec",
        "useInlineDiffs": false,
        "code": true
      },
      "version": "6.2.2"
    },
    "marge": {
      "options": {
        "id": "default",
        "reportDir": "cypress/reports/mocha",
        "quite": true,
        "overwrite": false,
        "html": false,
        "json": true
      },
      "version": "5.2.0"
    }
  }
}