{
  "stats": {
    "suites": 1,
    "tests": 1,
    "passes": 1,
    "pending": 1,
    "failures": -1,
    "start": "2022-02-13T08:24:57.883Z",
    "end": "2022-02-13T08:24:57.984Z",
    "duration": 101,
    "testsRegistered": 2,
    "passPercent": 100,
    "pendingPercent": 50,
    "other": 1,
    "hasOther": true,
    "skipped": 1,
    "hasSkipped": true
  },
  "results": [
    {
      "uuid": "99b0a71a-5ad3-45f7-b26d-e815fe49e62d",
      "title": "",
      "fullFile": "cypress/integration/2-advanced-examples/UITests/amazonTest.js",
      "file": "cypress/integration/2-advanced-examples/UITests/amazonTest.js",
      "beforeHooks": [],
      "afterHooks": [],
      "tests": [],
      "suites": [
        {
          "uuid": "c5a72e94-04f4-4c16-a086-dd624b75e53b",
          "title": "Amazon",
          "fullFile": "",
          "file": "",
          "beforeHooks": [],
          "afterHooks": [],
          "tests": [
            {
              "title": "Amazon sign in test",
              "fullTitle": "Amazon Amazon sign in test",
              "timedOut": null,
              "duration": 0,
              "state": "pending",
              "speed": null,
              "pass": false,
              "fail": false,
              "pending": true,
              "context": null,
              "code": "",
              "err": {},
              "uuid": "160ab7c3-0101-4a68-8d1d-7db2743c2821",
              "parentUUID": "c5a72e94-04f4-4c16-a086-dd624b75e53b",
              "isHook": false,
              "skipped": false
            },
            {
              "title": "ArraysTest",
              "fullTitle": "Amazon ArraysTest",
              "timedOut": null,
              "duration": 12,
              "state": "passed",
              "speed": "fast",
              "pass": true,
              "fail": false,
              "pending": false,
              "context": null,
              "code": "var array = [\"suhail\", \"sana\"];\narray.forEach(data => {\n  cy.log(data);\n});",
              "err": {},
              "uuid": "accf9f43-f5cf-4e92-8b9c-228e0d6497d0",
              "parentUUID": "c5a72e94-04f4-4c16-a086-dd624b75e53b",
              "isHook": false,
              "skipped": false
            }
          ],
          "suites": [],
          "passes": [
            "accf9f43-f5cf-4e92-8b9c-228e0d6497d0"
          ],
          "failures": [],
          "pending": [
            "160ab7c3-0101-4a68-8d1d-7db2743c2821"
          ],
          "skipped": [],
          "duration": 12,
          "root": false,
          "rootEmpty": false,
          "_timeout": 2000
        }
      ],
      "passes": [],
      "failures": [],
      "pending": [],
      "skipped": [],
      "duration": 0,
      "root": true,
      "rootEmpty": true,
      "_timeout": 2000
    }
  ],
  "meta": {
    "mocha": {
      "version": "7.0.1"
    },
    "mochawesome": {
      "options": {
        "quiet": false,
        "reportFilename": "mochawesome",
        "saveHtml": false,
        "saveJson": true,
        "consoleReporter": "spec",
        "useInlineDiffs": false,
        "code": true
      },
      "version": "6.2.2"
    },
    "marge": {
      "options": {
        "id": "default",
        "reportDir": "cypress/reports/mocha",
        "quite": true,
        "overwrite": false,
        "html": false,
        "json": true
      },
      "version": "5.2.0"
    }
  }
}