{
  "stats": {
    "suites": 1,
    "tests": 3,
    "passes": 3,
    "pending": 0,
    "failures": 0,
    "start": "2021-09-10T05:21:12.240Z",
    "end": "2021-09-10T05:21:16.738Z",
    "duration": 4498,
    "testsRegistered": 3,
    "passPercent": 100,
    "pendingPercent": 0,
    "other": 0,
    "hasOther": false,
    "skipped": 0,
    "hasSkipped": false
  },
  "results": [
    {
      "uuid": "5c116f3e-0149-48f0-bbd3-8f382f2608ad",
      "title": "",
      "fullFile": "cypress/integration/2-advanced-examples/API/get_api_test.js",
      "file": "cypress/integration/2-advanced-examples/API/get_api_test.js",
      "beforeHooks": [],
      "afterHooks": [],
      "tests": [],
      "suites": [
        {
          "uuid": "2eab031b-beba-4b43-897a-a9c8aee0f4bd",
          "title": "Simple Get api test",
          "fullFile": "",
          "file": "",
          "beforeHooks": [],
          "afterHooks": [],
          "tests": [
            {
              "title": "get_api_request",
              "fullTitle": "Simple Get api test get_api_request",
              "timedOut": null,
              "duration": 2041,
              "state": "passed",
              "speed": "slow",
              "pass": true,
              "fail": false,
              "pending": false,
              "context": null,
              "code": "cy.request('https://rahulshettyacademy.com/maps/api/place/get/json?key=qaclick123&place_id=32ed6950636d774b394e85aea208037d').then(res => {\n  expect(res.status).equal(200);\n  expect(res.body.location).has.property('longitude', '33.427362');\n});",
              "err": {},
              "uuid": "f28d83f6-f549-48f9-8a5a-b3d866dded7e",
              "parentUUID": "2eab031b-beba-4b43-897a-a9c8aee0f4bd",
              "isHook": false,
              "skipped": false
            },
            {
              "title": "mocking apis",
              "fullTitle": "Simple Get api test mocking apis",
              "timedOut": null,
              "duration": 587,
              "state": "passed",
              "speed": "slow",
              "pass": true,
              "fail": false,
              "pending": false,
              "context": null,
              "code": "cy.request('https://reqres.in/api/users'); // Get request\ncy.intercept('GET', 'https://reqres.in/api/users', {\n  'name': 'suhail'\n}).then(res => {\n  console.log(JSON.stringify(res));\n});",
              "err": {},
              "uuid": "4b306b36-72f1-40a8-a5f0-b3bd52e74693",
              "parentUUID": "2eab031b-beba-4b43-897a-a9c8aee0f4bd",
              "isHook": false,
              "skipped": false
            },
            {
              "title": "Trying configuration ",
              "fullTitle": "Simple Get api test Trying configuration ",
              "timedOut": null,
              "duration": 1772,
              "state": "passed",
              "speed": "slow",
              "pass": true,
              "fail": false,
              "pending": false,
              "context": null,
              "code": "cy.request({\n  method: 'GET',\n  url: Cypress.env('rahulUrlProd') + '/maps/api/place/get/json',\n  qs: {\n    \"key\": \"qaclick123\",\n    \"place_id\": \"32ed6950636d774b394e85aea208037d\"\n  }\n}).then(response => {\n  expect(response.isOkStatusCode).to.be.true;\n});",
              "err": {},
              "uuid": "bc297e42-3652-46ef-a3be-8716fe797deb",
              "parentUUID": "2eab031b-beba-4b43-897a-a9c8aee0f4bd",
              "isHook": false,
              "skipped": false
            }
          ],
          "suites": [],
          "passes": [
            "f28d83f6-f549-48f9-8a5a-b3d866dded7e",
            "4b306b36-72f1-40a8-a5f0-b3bd52e74693",
            "bc297e42-3652-46ef-a3be-8716fe797deb"
          ],
          "failures": [],
          "pending": [],
          "skipped": [],
          "duration": 4400,
          "root": false,
          "rootEmpty": false,
          "_timeout": 2000
        }
      ],
      "passes": [],
      "failures": [],
      "pending": [],
      "skipped": [],
      "duration": 0,
      "root": true,
      "rootEmpty": true,
      "_timeout": 2000
    }
  ],
  "meta": {
    "mocha": {
      "version": "7.0.1"
    },
    "mochawesome": {
      "options": {
        "quiet": false,
        "reportFilename": "mochawesome",
        "saveHtml": false,
        "saveJson": true,
        "consoleReporter": "spec",
        "useInlineDiffs": false,
        "code": true
      },
      "version": "6.2.2"
    },
    "marge": {
      "options": {
        "id": "default",
        "reportDir": "cypress/reports/mocha",
        "quite": true,
        "overwrite": false,
        "html": false,
        "json": true
      },
      "version": "5.2.0"
    }
  }
}