{
  "stats": {
    "suites": 1,
    "tests": 1,
    "passes": 1,
    "pending": 0,
    "failures": 0,
    "start": "2022-02-13T10:02:11.674Z",
    "end": "2022-02-13T10:02:23.148Z",
    "duration": 11474,
    "testsRegistered": 1,
    "passPercent": 100,
    "pendingPercent": 0,
    "other": 0,
    "hasOther": false,
    "skipped": 0,
    "hasSkipped": false
  },
  "results": [
    {
      "uuid": "91b550f1-7e1c-433e-b189-795cad6cd2f0",
      "title": "",
      "fullFile": "cypress/integration/2-advanced-examples/UITests/Frames.spec.js",
      "file": "cypress/integration/2-advanced-examples/UITests/Frames.spec.js",
      "beforeHooks": [],
      "afterHooks": [],
      "tests": [],
      "suites": [
        {
          "uuid": "8a2077a2-355e-491b-8327-7ba2e79d5a34",
          "title": "Frames",
          "fullFile": "",
          "file": "",
          "beforeHooks": [],
          "afterHooks": [],
          "tests": [
            {
              "title": "Frames test case",
              "fullTitle": "Frames Frames test case",
              "timedOut": null,
              "duration": 9164,
              "state": "passed",
              "speed": "medium",
              "pass": true,
              "fail": false,
              "pending": false,
              "context": null,
              "code": "cy.visit('https://rahulshettyacademy.com/AutomationPractice/'); //To switch to frame\n//download the plugins req and import the iframe package\ncy.frameLoaded('#courses-iframe');\ncy.iframe().find('a[href*=\"mentorship\"]').eq(0).click();\ncy.iframe().find('span.blinkingText').then(function (el) {\n  const text = el.text();\n  expect(text).include('Get Any 4 Courses for FREE');\n});",
              "err": {},
              "uuid": "871cda7c-2b72-40e9-a6ea-7308defe35fc",
              "parentUUID": "8a2077a2-355e-491b-8327-7ba2e79d5a34",
              "isHook": false,
              "skipped": false
            }
          ],
          "suites": [],
          "passes": [
            "871cda7c-2b72-40e9-a6ea-7308defe35fc"
          ],
          "failures": [],
          "pending": [],
          "skipped": [],
          "duration": 9164,
          "root": false,
          "rootEmpty": false,
          "_timeout": 2000
        }
      ],
      "passes": [],
      "failures": [],
      "pending": [],
      "skipped": [],
      "duration": 0,
      "root": true,
      "rootEmpty": true,
      "_timeout": 2000
    }
  ],
  "meta": {
    "mocha": {
      "version": "7.0.1"
    },
    "mochawesome": {
      "options": {
        "quiet": false,
        "reportFilename": "mochawesome",
        "saveHtml": false,
        "saveJson": true,
        "consoleReporter": "spec",
        "useInlineDiffs": false,
        "code": true
      },
      "version": "6.2.2"
    },
    "marge": {
      "options": {
        "id": "default",
        "reportDir": "cypress/reports/mocha",
        "quite": true,
        "overwrite": false,
        "html": false,
        "json": true
      },
      "version": "5.2.0"
    }
  }
}