{
  "stats": {
    "suites": 1,
    "tests": 1,
    "passes": 1,
    "pending": 1,
    "failures": -1,
    "start": "2022-02-13T10:02:02.172Z",
    "end": "2022-02-13T10:02:02.313Z",
    "duration": 141,
    "testsRegistered": 2,
    "passPercent": 100,
    "pendingPercent": 50,
    "other": 1,
    "hasOther": true,
    "skipped": 1,
    "hasSkipped": true
  },
  "results": [
    {
      "uuid": "332d58e3-f6b8-4f54-b46a-deccf0ec5e10",
      "title": "",
      "fullFile": "cypress/integration/2-advanced-examples/UITests/amazonTest.js",
      "file": "cypress/integration/2-advanced-examples/UITests/amazonTest.js",
      "beforeHooks": [],
      "afterHooks": [],
      "tests": [],
      "suites": [
        {
          "uuid": "f059e2d3-171c-4631-b836-cf86a506a7cd",
          "title": "Amazon",
          "fullFile": "",
          "file": "",
          "beforeHooks": [],
          "afterHooks": [],
          "tests": [
            {
              "title": "Amazon sign in test",
              "fullTitle": "Amazon Amazon sign in test",
              "timedOut": null,
              "duration": 0,
              "state": "pending",
              "speed": null,
              "pass": false,
              "fail": false,
              "pending": true,
              "context": null,
              "code": "",
              "err": {},
              "uuid": "2c14c26d-88e2-455c-b56b-57fbb8c75ed6",
              "parentUUID": "f059e2d3-171c-4631-b836-cf86a506a7cd",
              "isHook": false,
              "skipped": false
            },
            {
              "title": "ArraysTest",
              "fullTitle": "Amazon ArraysTest",
              "timedOut": null,
              "duration": 26,
              "state": "passed",
              "speed": "fast",
              "pass": true,
              "fail": false,
              "pending": false,
              "context": null,
              "code": "var array = [\"suhail\", \"sana\"];\narray.forEach(data => {\n  cy.log(data);\n});",
              "err": {},
              "uuid": "2ece1c1e-8345-45d7-889a-00b52159b06b",
              "parentUUID": "f059e2d3-171c-4631-b836-cf86a506a7cd",
              "isHook": false,
              "skipped": false
            }
          ],
          "suites": [],
          "passes": [
            "2ece1c1e-8345-45d7-889a-00b52159b06b"
          ],
          "failures": [],
          "pending": [
            "2c14c26d-88e2-455c-b56b-57fbb8c75ed6"
          ],
          "skipped": [],
          "duration": 26,
          "root": false,
          "rootEmpty": false,
          "_timeout": 2000
        }
      ],
      "passes": [],
      "failures": [],
      "pending": [],
      "skipped": [],
      "duration": 0,
      "root": true,
      "rootEmpty": true,
      "_timeout": 2000
    }
  ],
  "meta": {
    "mocha": {
      "version": "7.0.1"
    },
    "mochawesome": {
      "options": {
        "quiet": false,
        "reportFilename": "mochawesome",
        "saveHtml": false,
        "saveJson": true,
        "consoleReporter": "spec",
        "useInlineDiffs": false,
        "code": true
      },
      "version": "6.2.2"
    },
    "marge": {
      "options": {
        "id": "default",
        "reportDir": "cypress/reports/mocha",
        "quite": true,
        "overwrite": false,
        "html": false,
        "json": true
      },
      "version": "5.2.0"
    }
  }
}