{
  "stats": {
    "suites": 1,
    "tests": 1,
    "passes": 1,
    "pending": 0,
    "failures": 0,
    "start": "2022-02-13T10:03:33.389Z",
    "end": "2022-02-13T10:03:47.320Z",
    "duration": 13931,
    "testsRegistered": 1,
    "passPercent": 100,
    "pendingPercent": 0,
    "other": 0,
    "hasOther": false,
    "skipped": 0,
    "hasSkipped": false
  },
  "results": [
    {
      "uuid": "73eb2def-6cc1-42a9-b870-1153105e000c",
      "title": "",
      "fullFile": "cypress/integration/2-advanced-examples/UITests/Test4.js",
      "file": "cypress/integration/2-advanced-examples/UITests/Test4.js",
      "beforeHooks": [],
      "afterHooks": [],
      "tests": [],
      "suites": [
        {
          "uuid": "9cb71e0a-74b7-49be-8e21-c4de18014c47",
          "title": "Alerts",
          "fullFile": "",
          "file": "",
          "beforeHooks": [],
          "afterHooks": [],
          "tests": [
            {
              "title": "alert Tc",
              "fullTitle": "Alerts alert Tc",
              "timedOut": null,
              "duration": 12190,
              "state": "passed",
              "speed": "slow",
              "pass": true,
              "fail": false,
              "pending": false,
              "context": null,
              "code": "cy.visit(\"https://rahulshettyacademy.com/AutomationPractice/\"); // AUtom handling pop ups\ncy.get('#alertbtn').click();\ncy.get('#confirmbtn').click(); // TO get text on pop up by firing events\ncy.get('#alertbtn').click();\ncy.on('window:alert', str => {\n  expect(str).to.equal('Hello , share this practice page and share your knowledge');\n});\ncy.get('#confirmbtn').click();\ncy.on('window:confirm', str => {\n  expect(str).to.equal('Hello , Are you sure you want to confirm?');\n}); // To handle child pop up by opening in the same window and deleting the target attribute\ncy.get('#opentab').invoke('removeAttr', 'target').click(); //TO get current url and verify\ncy.url().should('include', 'rahulshettyacademy'); //Browser navigation\ncy.go('back'); // To handle Webtables\ncy.get('table[name=\"courses\"] tr td:nth-child(2)').each(($el, index, $list) => {\n  const course = $el.text();\n  if (course.includes(\"WebSecurity\")) {\n    cy.get('table[name=\"courses\"] tr td:nth-child(2)').eq(index).next().then(function (price) {\n      const priceText = price.text();\n      expect(priceText).to.equal('20');\n    });\n  }\n});",
              "err": {},
              "uuid": "c10c775d-3029-4850-b64e-4a15056ed7f4",
              "parentUUID": "9cb71e0a-74b7-49be-8e21-c4de18014c47",
              "isHook": false,
              "skipped": false
            }
          ],
          "suites": [],
          "passes": [
            "c10c775d-3029-4850-b64e-4a15056ed7f4"
          ],
          "failures": [],
          "pending": [],
          "skipped": [],
          "duration": 12190,
          "root": false,
          "rootEmpty": false,
          "_timeout": 2000
        }
      ],
      "passes": [],
      "failures": [],
      "pending": [],
      "skipped": [],
      "duration": 0,
      "root": true,
      "rootEmpty": true,
      "_timeout": 2000
    }
  ],
  "meta": {
    "mocha": {
      "version": "7.0.1"
    },
    "mochawesome": {
      "options": {
        "quiet": false,
        "reportFilename": "mochawesome",
        "saveHtml": false,
        "saveJson": true,
        "consoleReporter": "spec",
        "useInlineDiffs": false,
        "code": true
      },
      "version": "6.2.2"
    },
    "marge": {
      "options": {
        "id": "default",
        "reportDir": "cypress/reports/mocha",
        "quite": true,
        "overwrite": false,
        "html": false,
        "json": true
      },
      "version": "5.2.0"
    }
  }
}