{
  "stats": {
    "suites": 1,
    "tests": 1,
    "passes": 1,
    "pending": 0,
    "failures": 0,
    "start": "2021-09-10T05:23:40.000Z",
    "end": "2021-09-10T05:23:46.066Z",
    "duration": 6066,
    "testsRegistered": 1,
    "passPercent": 100,
    "pendingPercent": 0,
    "other": 0,
    "hasOther": false,
    "skipped": 0,
    "hasSkipped": false
  },
  "results": [
    {
      "uuid": "cbfde0c7-eb61-4259-ad70-932c663865d8",
      "title": "",
      "fullFile": "cypress/integration/2-advanced-examples/UITests/Test5.js",
      "file": "cypress/integration/2-advanced-examples/UITests/Test5.js",
      "beforeHooks": [],
      "afterHooks": [],
      "tests": [],
      "suites": [
        {
          "uuid": "161cb2d8-bb68-4de8-9495-d401401e628f",
          "title": "Web Tables",
          "fullFile": "",
          "file": "",
          "beforeHooks": [],
          "afterHooks": [],
          "tests": [
            {
              "title": "web table Tc",
              "fullTitle": "Web Tables web table Tc",
              "timedOut": null,
              "duration": 4310,
              "state": "passed",
              "speed": "slow",
              "pass": true,
              "fail": false,
              "pending": false,
              "context": null,
              "code": "cy.visit(\"https://rahulshettyacademy.com/AutomationPractice/\");\ncy.get('div.tableFixHead tr td:nth-child(1)').each(($el, index, $list) => {\n  const name = $el.text();\n  if (name.includes(\"Alex\")) {\n    cy.get('div.tableFixHead tr td:nth-child(1)').eq(index).next().next().next().then(function (amt) {\n      const amttext = amt.text();\n      expect(amttext).to.equal('28');\n    });\n  }\n});",
              "err": {},
              "uuid": "26263df2-5e0b-40c0-a7b9-f7b3efd75dc3",
              "parentUUID": "161cb2d8-bb68-4de8-9495-d401401e628f",
              "isHook": false,
              "skipped": false
            }
          ],
          "suites": [],
          "passes": [
            "26263df2-5e0b-40c0-a7b9-f7b3efd75dc3"
          ],
          "failures": [],
          "pending": [],
          "skipped": [],
          "duration": 4310,
          "root": false,
          "rootEmpty": false,
          "_timeout": 2000
        }
      ],
      "passes": [],
      "failures": [],
      "pending": [],
      "skipped": [],
      "duration": 0,
      "root": true,
      "rootEmpty": true,
      "_timeout": 2000
    }
  ],
  "meta": {
    "mocha": {
      "version": "7.0.1"
    },
    "mochawesome": {
      "options": {
        "quiet": false,
        "reportFilename": "mochawesome",
        "saveHtml": false,
        "saveJson": true,
        "consoleReporter": "spec",
        "useInlineDiffs": false,
        "code": true
      },
      "version": "6.2.2"
    },
    "marge": {
      "options": {
        "id": "default",
        "reportDir": "cypress/reports/mocha",
        "quite": true,
        "overwrite": false,
        "html": false,
        "json": true
      },
      "version": "5.2.0"
    }
  }
}