{
  "stats": {
    "suites": 1,
    "tests": 4,
    "passes": 4,
    "pending": 0,
    "failures": 0,
    "start": "2021-09-10T05:21:22.175Z",
    "end": "2021-09-10T05:21:28.166Z",
    "duration": 5991,
    "testsRegistered": 4,
    "passPercent": 100,
    "pendingPercent": 0,
    "other": 0,
    "hasOther": false,
    "skipped": 0,
    "hasSkipped": false
  },
  "results": [
    {
      "uuid": "bea0e7e6-f4f9-40a7-a43a-40d28009150d",
      "title": "",
      "fullFile": "cypress/integration/2-advanced-examples/API/googleMapsTest.js",
      "file": "cypress/integration/2-advanced-examples/API/googleMapsTest.js",
      "beforeHooks": [],
      "afterHooks": [],
      "tests": [],
      "suites": [
        {
          "uuid": "97f9185a-e16d-49f1-956f-f8fd66f9c34a",
          "title": "Google Maps API Test",
          "fullFile": "",
          "file": "",
          "beforeHooks": [],
          "afterHooks": [],
          "tests": [
            {
              "title": "Add Place API",
              "fullTitle": "Google Maps API Test Add Place API",
              "timedOut": null,
              "duration": 162,
              "state": "passed",
              "speed": "slow",
              "pass": true,
              "fail": false,
              "pending": false,
              "context": null,
              "code": "cy.log(url);\ncy.fixture('google').then(myFixture => {\n  cy.request({\n    method: 'POST',\n    url: url + '/maps/api/place/add/json/qaclick123',\n    body: myFixture.body\n  }).then(res => {\n    expect(res.status).to.eq(200);\n    expect(res.isOkStatusCode).to.be.true;\n    place_id = res.body.place_id;\n    cy.log(place_id);\n  });\n});",
              "err": {},
              "uuid": "8d61a853-6f99-44fd-a05c-b82518cee504",
              "parentUUID": "97f9185a-e16d-49f1-956f-f8fd66f9c34a",
              "isHook": false,
              "skipped": false
            },
            {
              "title": "Get Place API",
              "fullTitle": "Google Maps API Test Get Place API",
              "timedOut": null,
              "duration": 1840,
              "state": "passed",
              "speed": "slow",
              "pass": true,
              "fail": false,
              "pending": false,
              "context": null,
              "code": "cy.request({\n  'method': 'GET',\n  'url': url + '/maps/api/place/get/json',\n  'qs': {\n    'key': 'qaclick123',\n    'place_id': place_id\n  }\n}).then(res => {\n  expect(res.status).to.eq(200);\n  expect(res.body).has.property('name', 'Suhail house');\n});",
              "err": {},
              "uuid": "80840f60-054e-4c26-81bb-5b7f12869a1f",
              "parentUUID": "97f9185a-e16d-49f1-956f-f8fd66f9c34a",
              "isHook": false,
              "skipped": false
            },
            {
              "title": "Update Place API",
              "fullTitle": "Google Maps API Test Update Place API",
              "timedOut": null,
              "duration": 2139,
              "state": "passed",
              "speed": "slow",
              "pass": true,
              "fail": false,
              "pending": false,
              "context": null,
              "code": "cy.request({\n  'method': 'PUT',\n  'url': url + '/maps/api/place/update/json',\n  'qs': {\n    'key': 'qaclick123'\n  },\n  'body': {\n    \"place_id\": place_id,\n    \"address\": \"Suhail Summer walk, India\",\n    \"key\": \"qaclick123\"\n  }\n}).then(res => {\n  expect(res.status).to.eq(200);\n  expect(res.body).has.property('msg', 'Address successfully updated');\n  cy.log(res);\n});",
              "err": {},
              "uuid": "956273d6-e5d0-4f2d-a9bf-e586a059045e",
              "parentUUID": "97f9185a-e16d-49f1-956f-f8fd66f9c34a",
              "isHook": false,
              "skipped": false
            },
            {
              "title": "Validate Get Place API after updating the address",
              "fullTitle": "Google Maps API Test Validate Get Place API after updating the address",
              "timedOut": null,
              "duration": 1748,
              "state": "passed",
              "speed": "slow",
              "pass": true,
              "fail": false,
              "pending": false,
              "context": null,
              "code": "cy.request({\n  'method': 'GET',\n  'url': url + '/maps/api/place/get/json',\n  'qs': {\n    'key': 'qaclick123',\n    'place_id': place_id\n  }\n}).then(res => {\n  expect(res.status).to.eq(200);\n  expect(res.body).has.property('address', 'Suhail Summer walk, India');\n});",
              "err": {},
              "uuid": "ffbabf36-2247-4a70-bbf2-9afc218edc1c",
              "parentUUID": "97f9185a-e16d-49f1-956f-f8fd66f9c34a",
              "isHook": false,
              "skipped": false
            }
          ],
          "suites": [],
          "passes": [
            "8d61a853-6f99-44fd-a05c-b82518cee504",
            "80840f60-054e-4c26-81bb-5b7f12869a1f",
            "956273d6-e5d0-4f2d-a9bf-e586a059045e",
            "ffbabf36-2247-4a70-bbf2-9afc218edc1c"
          ],
          "failures": [],
          "pending": [],
          "skipped": [],
          "duration": 5889,
          "root": false,
          "rootEmpty": false,
          "_timeout": 2000
        }
      ],
      "passes": [],
      "failures": [],
      "pending": [],
      "skipped": [],
      "duration": 0,
      "root": true,
      "rootEmpty": true,
      "_timeout": 2000
    }
  ],
  "meta": {
    "mocha": {
      "version": "7.0.1"
    },
    "mochawesome": {
      "options": {
        "quiet": false,
        "reportFilename": "mochawesome",
        "saveHtml": false,
        "saveJson": true,
        "consoleReporter": "spec",
        "useInlineDiffs": false,
        "code": true
      },
      "version": "6.2.2"
    },
    "marge": {
      "options": {
        "id": "default",
        "reportDir": "cypress/reports/mocha",
        "quite": true,
        "overwrite": false,
        "html": false,
        "json": true
      },
      "version": "5.2.0"
    }
  }
}