{
  "stats": {
    "suites": 1,
    "tests": 4,
    "passes": 4,
    "pending": 0,
    "failures": 0,
    "start": "2021-09-06T14:12:47.407Z",
    "end": "2021-09-06T14:12:53.708Z",
    "duration": 6301,
    "testsRegistered": 4,
    "passPercent": 100,
    "pendingPercent": 0,
    "other": 0,
    "hasOther": false,
    "skipped": 0,
    "hasSkipped": false
  },
  "results": [
    {
      "uuid": "6bf614f1-4d2c-4d67-bdcc-a59b05ec24e8",
      "title": "",
      "fullFile": "cypress/integration/2-advanced-examples/API/googleMapsTest.js",
      "file": "cypress/integration/2-advanced-examples/API/googleMapsTest.js",
      "beforeHooks": [],
      "afterHooks": [],
      "tests": [],
      "suites": [
        {
          "uuid": "244e63fb-b639-4c74-819c-202c6eb0793c",
          "title": "Google Maps API Test",
          "fullFile": "",
          "file": "",
          "beforeHooks": [],
          "afterHooks": [],
          "tests": [
            {
              "title": "Add Place API",
              "fullTitle": "Google Maps API Test Add Place API",
              "timedOut": null,
              "duration": 193,
              "state": "passed",
              "speed": "slow",
              "pass": true,
              "fail": false,
              "pending": false,
              "context": null,
              "code": "cy.log(url);\ncy.fixture('google').then(myFixture => {\n  cy.request({\n    method: 'POST',\n    url: url + '/maps/api/place/add/json/qaclick123',\n    body: myFixture.body\n  }).then(res => {\n    expect(res.status).to.eq(200);\n    expect(res.isOkStatusCode).to.be.true;\n    place_id = res.body.place_id;\n    cy.log(place_id);\n  });\n});",
              "err": {},
              "uuid": "1a566195-57e1-4117-a76a-d1092e3d9b37",
              "parentUUID": "244e63fb-b639-4c74-819c-202c6eb0793c",
              "isHook": false,
              "skipped": false
            },
            {
              "title": "Get Place API",
              "fullTitle": "Google Maps API Test Get Place API",
              "timedOut": null,
              "duration": 1928,
              "state": "passed",
              "speed": "slow",
              "pass": true,
              "fail": false,
              "pending": false,
              "context": null,
              "code": "cy.request({\n  'method': 'GET',\n  'url': url + '/maps/api/place/get/json',\n  'qs': {\n    'key': 'qaclick123',\n    'place_id': place_id\n  }\n}).then(res => {\n  expect(res.status).to.eq(200);\n  expect(res.body).has.property('name', 'Suhail house');\n});",
              "err": {},
              "uuid": "04a9f46c-11a5-495a-b76a-e09cfea53035",
              "parentUUID": "244e63fb-b639-4c74-819c-202c6eb0793c",
              "isHook": false,
              "skipped": false
            },
            {
              "title": "Update Place API",
              "fullTitle": "Google Maps API Test Update Place API",
              "timedOut": null,
              "duration": 2185,
              "state": "passed",
              "speed": "slow",
              "pass": true,
              "fail": false,
              "pending": false,
              "context": null,
              "code": "cy.request({\n  'method': 'PUT',\n  'url': url + '/maps/api/place/update/json',\n  'qs': {\n    'key': 'qaclick123'\n  },\n  'body': {\n    \"place_id\": place_id,\n    \"address\": \"Suhail Summer walk, India\",\n    \"key\": \"qaclick123\"\n  }\n}).then(res => {\n  expect(res.status).to.eq(200);\n  expect(res.body).has.property('msg', 'Address successfully updated');\n  cy.log(res);\n});",
              "err": {},
              "uuid": "43dc5a52-eda5-483c-93cc-c513aee7669f",
              "parentUUID": "244e63fb-b639-4c74-819c-202c6eb0793c",
              "isHook": false,
              "skipped": false
            },
            {
              "title": "Validate Get Place API after updating the address",
              "fullTitle": "Google Maps API Test Validate Get Place API after updating the address",
              "timedOut": null,
              "duration": 1818,
              "state": "passed",
              "speed": "slow",
              "pass": true,
              "fail": false,
              "pending": false,
              "context": null,
              "code": "cy.request({\n  'method': 'GET',\n  'url': url + '/maps/api/place/get/json',\n  'qs': {\n    'key': 'qaclick123',\n    'place_id': place_id\n  }\n}).then(res => {\n  expect(res.status).to.eq(200);\n  expect(res.body).has.property('address', 'Suhail Summer walk, India');\n});",
              "err": {},
              "uuid": "a8b36c76-fb5e-4c6d-b432-874d184a9561",
              "parentUUID": "244e63fb-b639-4c74-819c-202c6eb0793c",
              "isHook": false,
              "skipped": false
            }
          ],
          "suites": [],
          "passes": [
            "1a566195-57e1-4117-a76a-d1092e3d9b37",
            "04a9f46c-11a5-495a-b76a-e09cfea53035",
            "43dc5a52-eda5-483c-93cc-c513aee7669f",
            "a8b36c76-fb5e-4c6d-b432-874d184a9561"
          ],
          "failures": [],
          "pending": [],
          "skipped": [],
          "duration": 6124,
          "root": false,
          "rootEmpty": false,
          "_timeout": 2000
        }
      ],
      "passes": [],
      "failures": [],
      "pending": [],
      "skipped": [],
      "duration": 0,
      "root": true,
      "rootEmpty": true,
      "_timeout": 2000
    }
  ],
  "meta": {
    "mocha": {
      "version": "7.0.1"
    },
    "mochawesome": {
      "options": {
        "quiet": false,
        "reportFilename": "mochawesome",
        "saveHtml": false,
        "saveJson": true,
        "consoleReporter": "spec",
        "useInlineDiffs": false,
        "code": true
      },
      "version": "6.2.2"
    },
    "marge": {
      "options": {
        "id": "default",
        "reportDir": "cypress/reports/mocha",
        "quite": true,
        "overwrite": false,
        "html": false,
        "json": true
      },
      "version": "5.2.0"
    }
  }
}