{
  "stats": {
    "suites": 1,
    "tests": 1,
    "passes": 0,
    "pending": 0,
    "failures": 1,
    "start": "2021-09-10T05:22:25.360Z",
    "end": "2021-09-10T05:22:25.994Z",
    "duration": 634,
    "testsRegistered": 1,
    "passPercent": 0,
    "pendingPercent": 0,
    "other": 0,
    "hasOther": false,
    "skipped": 0,
    "hasSkipped": false
  },
  "results": [
    {
      "uuid": "617977fb-c7bf-4e9c-95d1-47ee5f8d9379",
      "title": "",
      "fullFile": "cypress/integration/2-advanced-examples/UITests/ReloadTest.js",
      "file": "cypress/integration/2-advanced-examples/UITests/ReloadTest.js",
      "beforeHooks": [],
      "afterHooks": [],
      "tests": [],
      "suites": [
        {
          "uuid": "71af6228-8cfa-4c40-aa12-866afd0c1e5e",
          "title": "Reload ",
          "fullFile": "",
          "file": "",
          "beforeHooks": [],
          "afterHooks": [],
          "tests": [
            {
              "title": "Reload test",
              "fullTitle": "Reload  Reload test",
              "timedOut": null,
              "duration": 462,
              "state": "failed",
              "speed": null,
              "pass": false,
              "fail": true,
              "pending": false,
              "context": null,
              "code": "//url : https://rahulshettyacademy.com/seleniumPractise/#/\ncy.visit(Cypress.env('rahulUrl') + '/seleniumPractise/#/');\ncy.get('.search-keyword').type(\"Carrot\");\ncy.reload();\ncy.get('.brand').should('have.text', 'GREENKART');\ncy.con;",
              "err": {
                "message": "CypressError: `cy.visit()` failed trying to load:\n\nundefined/seleniumPractise/\n\nWe failed looking for this file at the path:\n\n/Users/abdul/CypressAutomation/undefined/seleniumPractise/\n\nThe internal Cypress web server responded with:\n\n  > 404: Not Found",
                "estack": "CypressError: `cy.visit()` failed trying to load:\n\nundefined/seleniumPractise/\n\nWe failed looking for this file at the path:\n\n/Users/abdul/CypressAutomation/undefined/seleniumPractise/\n\nThe internal Cypress web server responded with:\n\n  > 404: Not Found\n    at http://localhost:63801/__cypress/runner/cypress_runner.js:144027:25\n    at visitFailedByErr (http://localhost:63801/__cypress/runner/cypress_runner.js:143402:12)\n    at http://localhost:63801/__cypress/runner/cypress_runner.js:144007:13\n    at tryCatcher (http://localhost:63801/__cypress/runner/cypress_runner.js:13212:23)\n    at Promise._settlePromiseFromHandler (http://localhost:63801/__cypress/runner/cypress_runner.js:11147:31)\n    at Promise._settlePromise (http://localhost:63801/__cypress/runner/cypress_runner.js:11204:18)\n    at Promise._settlePromise0 (http://localhost:63801/__cypress/runner/cypress_runner.js:11249:10)\n    at Promise._settlePromises (http://localhost:63801/__cypress/runner/cypress_runner.js:11325:18)\n    at _drainQueueStep (http://localhost:63801/__cypress/runner/cypress_runner.js:7919:12)\n    at _drainQueue (http://localhost:63801/__cypress/runner/cypress_runner.js:7912:9)\n    at Async.../../node_modules/bluebird/js/release/async.js.Async._drainQueues (http://localhost:63801/__cypress/runner/cypress_runner.js:7928:5)\n    at Async.drainQueues (http://localhost:63801/__cypress/runner/cypress_runner.js:7798:14)\nFrom Your Spec Code:\n    at Context.eval (http://localhost:63801/__cypress/tests?p=cypress\\integration\\2-advanced-examples\\UITests\\ReloadTest.js:102:8)",
                "diff": null
              },
              "uuid": "a482cb4e-278e-467c-99ef-767b796ea82d",
              "parentUUID": "71af6228-8cfa-4c40-aa12-866afd0c1e5e",
              "isHook": false,
              "skipped": false
            }
          ],
          "suites": [],
          "passes": [],
          "failures": [
            "a482cb4e-278e-467c-99ef-767b796ea82d"
          ],
          "pending": [],
          "skipped": [],
          "duration": 462,
          "root": false,
          "rootEmpty": false,
          "_timeout": 2000
        }
      ],
      "passes": [],
      "failures": [],
      "pending": [],
      "skipped": [],
      "duration": 0,
      "root": true,
      "rootEmpty": true,
      "_timeout": 2000
    }
  ],
  "meta": {
    "mocha": {
      "version": "7.0.1"
    },
    "mochawesome": {
      "options": {
        "quiet": false,
        "reportFilename": "mochawesome",
        "saveHtml": false,
        "saveJson": true,
        "consoleReporter": "spec",
        "useInlineDiffs": false,
        "code": true
      },
      "version": "6.2.2"
    },
    "marge": {
      "options": {
        "id": "default",
        "reportDir": "cypress/reports/mocha",
        "quite": true,
        "overwrite": false,
        "html": false,
        "json": true
      },
      "version": "5.2.0"
    }
  }
}