{
  "stats": {
    "suites": 1,
    "tests": 1,
    "passes": 1,
    "pending": 0,
    "failures": 0,
    "start": "2021-09-10T05:22:29.813Z",
    "end": "2021-09-10T05:22:38.389Z",
    "duration": 8576,
    "testsRegistered": 1,
    "passPercent": 100,
    "pendingPercent": 0,
    "other": 0,
    "hasOther": false,
    "skipped": 0,
    "hasSkipped": false
  },
  "results": [
    {
      "uuid": "d5bee348-1b2d-4c2f-984c-db0ca683cdd5",
      "title": "",
      "fullFile": "cypress/integration/2-advanced-examples/UITests/Test1.js",
      "file": "cypress/integration/2-advanced-examples/UITests/Test1.js",
      "beforeHooks": [],
      "afterHooks": [],
      "tests": [],
      "suites": [
        {
          "uuid": "8cae6afe-eec7-45be-8e58-9ea1b4279684",
          "title": "My first test suite",
          "fullFile": "",
          "file": "",
          "beforeHooks": [],
          "afterHooks": [],
          "tests": [
            {
              "title": "my first test case to hit url",
              "fullTitle": "My first test suite my first test case to hit url",
              "timedOut": null,
              "duration": 5555,
              "state": "passed",
              "speed": "slow",
              "pass": true,
              "fail": false,
              "pending": false,
              "context": null,
              "code": "cy.visit(\"https://rahulshettyacademy.com/seleniumPractise/#/\");\ncy.get('.search-keyword').type('ca');\ncy.wait(2000);\ncy.get('.products').as('productLocator');\ncy.get('@productLocator').find('.product').should('have.length', 4);\ncy.get('@productLocator').find('.product').eq(1).contains('ADD TO CART').click().then(function () {\n  console.log('Hello');\n});\ncy.get('@productLocator').find('.product').each(($el, index, $list) => {\n  var textVeg = $el.find('h4.product-name').text();\n  if (textVeg.includes('Cashews')) {\n    $el.find('button').click();\n  }\n});\ncy.get('.brand.greenLogo').should('have.text', 'GREENKART');\ncy.get('.brand.greenLogo').then(function (ele) {\n  cy.log(ele.text());\n});",
              "err": {},
              "uuid": "6b3724f0-b03c-444a-85fd-02e64c8ae5a3",
              "parentUUID": "8cae6afe-eec7-45be-8e58-9ea1b4279684",
              "isHook": false,
              "skipped": false
            }
          ],
          "suites": [],
          "passes": [
            "6b3724f0-b03c-444a-85fd-02e64c8ae5a3"
          ],
          "failures": [],
          "pending": [],
          "skipped": [],
          "duration": 5555,
          "root": false,
          "rootEmpty": false,
          "_timeout": 2000
        }
      ],
      "passes": [],
      "failures": [],
      "pending": [],
      "skipped": [],
      "duration": 0,
      "root": true,
      "rootEmpty": true,
      "_timeout": 2000
    }
  ],
  "meta": {
    "mocha": {
      "version": "7.0.1"
    },
    "mochawesome": {
      "options": {
        "quiet": false,
        "reportFilename": "mochawesome",
        "saveHtml": false,
        "saveJson": true,
        "consoleReporter": "spec",
        "useInlineDiffs": false,
        "code": true
      },
      "version": "6.2.2"
    },
    "marge": {
      "options": {
        "id": "default",
        "reportDir": "cypress/reports/mocha",
        "quite": true,
        "overwrite": false,
        "html": false,
        "json": true
      },
      "version": "5.2.0"
    }
  }
}