{
  "stats": {
    "suites": 1,
    "tests": 1,
    "passes": 1,
    "pending": 0,
    "failures": 0,
    "start": "2022-02-13T09:44:54.947Z",
    "end": "2022-02-13T09:45:08.586Z",
    "duration": 13639,
    "testsRegistered": 1,
    "passPercent": 100,
    "pendingPercent": 0,
    "other": 0,
    "hasOther": false,
    "skipped": 0,
    "hasSkipped": false
  },
  "results": [
    {
      "uuid": "ab129a32-2800-49cc-8aec-0c1833b8c4c1",
      "title": "",
      "fullFile": "cypress/integration/2-advanced-examples/UITests/Test3.js",
      "file": "cypress/integration/2-advanced-examples/UITests/Test3.js",
      "beforeHooks": [],
      "afterHooks": [],
      "tests": [],
      "suites": [
        {
          "uuid": "e9598673-71e5-494b-838c-bfb36c2a0482",
          "title": "CHeckboxes",
          "fullFile": "",
          "file": "",
          "beforeHooks": [],
          "afterHooks": [],
          "tests": [
            {
              "title": "Check box Tc",
              "fullTitle": "CHeckboxes Check box Tc",
              "timedOut": null,
              "duration": 11971,
              "state": "passed",
              "speed": "slow",
              "pass": true,
              "fail": false,
              "pending": false,
              "context": null,
              "code": "cy.visit(\"https://rahulshettyacademy.com/AutomationPractice/\"); // TO select single checkboxes\ncy.get('#checkBoxOption1').check().should('be.checked').and('have.value', 'option1');\ncy.get('#checkBoxOption1').uncheck().should('not.be.checked'); //To select multiple checkboxes\ncy.get(\"input[type='checkbox']\").check(['option2', 'option3']).should('be.checked'); // To deselect multiple checkboxes\ncy.get(\"input[type='checkbox']\").uncheck(['option2', 'option3']).should('not.be.checked'); // To handle static dropdowns\ncy.get('select').select('option3').should('have.value', 'option3'); // to handle dynamic dropdown.\ncy.get('#autocomplete').type('ind');\ncy.wait(2000);\ncy.get('.ui-menu-item div').each(($el, index, $list) => {\n  if ($el.text() == \"India\") {\n    $el.click();\n  }\n}); //verify dropdown selected\ncy.get('#autocomplete').should('have.value', 'India'); // visible invisible element\ncy.get('#displayed-text').should('be.visible');\ncy.get('#hide-textbox').click();\ncy.get('#displayed-text').should('not.be.visible'); //Radio buttons\ncy.get(\"input[value='radio1']\").check().should('be.checked');",
              "err": {},
              "uuid": "f28c74f4-41e0-4460-a25a-a4de2041622b",
              "parentUUID": "e9598673-71e5-494b-838c-bfb36c2a0482",
              "isHook": false,
              "skipped": false
            }
          ],
          "suites": [],
          "passes": [
            "f28c74f4-41e0-4460-a25a-a4de2041622b"
          ],
          "failures": [],
          "pending": [],
          "skipped": [],
          "duration": 11971,
          "root": false,
          "rootEmpty": false,
          "_timeout": 2000
        }
      ],
      "passes": [],
      "failures": [],
      "pending": [],
      "skipped": [],
      "duration": 0,
      "root": true,
      "rootEmpty": true,
      "_timeout": 2000
    }
  ],
  "meta": {
    "mocha": {
      "version": "7.0.1"
    },
    "mochawesome": {
      "options": {
        "quiet": false,
        "reportFilename": "mochawesome",
        "saveHtml": false,
        "saveJson": true,
        "consoleReporter": "spec",
        "useInlineDiffs": false,
        "code": true
      },
      "version": "6.2.2"
    },
    "marge": {
      "options": {
        "id": "default",
        "reportDir": "cypress/reports/mocha",
        "quite": true,
        "overwrite": false,
        "html": false,
        "json": true
      },
      "version": "5.2.0"
    }
  }
}