{
  "stats": {
    "suites": 1,
    "tests": 1,
    "passes": 1,
    "pending": 0,
    "failures": 0,
    "start": "2022-02-13T10:03:51.982Z",
    "end": "2022-02-13T10:03:58.942Z",
    "duration": 6960,
    "testsRegistered": 1,
    "passPercent": 100,
    "pendingPercent": 0,
    "other": 0,
    "hasOther": false,
    "skipped": 0,
    "hasSkipped": false
  },
  "results": [
    {
      "uuid": "4da8fd94-a55b-4ef8-b9d6-c0578d21c901",
      "title": "",
      "fullFile": "cypress/integration/2-advanced-examples/UITests/Test5.js",
      "file": "cypress/integration/2-advanced-examples/UITests/Test5.js",
      "beforeHooks": [],
      "afterHooks": [],
      "tests": [],
      "suites": [
        {
          "uuid": "d284c66f-d6ce-4d6c-8b00-8e9985aea483",
          "title": "Web Tables",
          "fullFile": "",
          "file": "",
          "beforeHooks": [],
          "afterHooks": [],
          "tests": [
            {
              "title": "web table Tc",
              "fullTitle": "Web Tables web table Tc",
              "timedOut": null,
              "duration": 5074,
              "state": "passed",
              "speed": "medium",
              "pass": true,
              "fail": false,
              "pending": false,
              "context": null,
              "code": "cy.visit(\"https://rahulshettyacademy.com/AutomationPractice/\");\ncy.get('div.tableFixHead tr td:nth-child(1)').each(($el, index, $list) => {\n  const name = $el.text();\n  if (name.includes(\"Alex\")) {\n    cy.get('div.tableFixHead tr td:nth-child(1)').eq(index).next().next().next().then(function (amt) {\n      const amttext = amt.text();\n      expect(amttext).to.equal('28');\n    });\n  }\n});",
              "err": {},
              "uuid": "5426c644-6c29-4db5-a99f-84fef534648a",
              "parentUUID": "d284c66f-d6ce-4d6c-8b00-8e9985aea483",
              "isHook": false,
              "skipped": false
            }
          ],
          "suites": [],
          "passes": [
            "5426c644-6c29-4db5-a99f-84fef534648a"
          ],
          "failures": [],
          "pending": [],
          "skipped": [],
          "duration": 5074,
          "root": false,
          "rootEmpty": false,
          "_timeout": 2000
        }
      ],
      "passes": [],
      "failures": [],
      "pending": [],
      "skipped": [],
      "duration": 0,
      "root": true,
      "rootEmpty": true,
      "_timeout": 2000
    }
  ],
  "meta": {
    "mocha": {
      "version": "7.0.1"
    },
    "mochawesome": {
      "options": {
        "quiet": false,
        "reportFilename": "mochawesome",
        "saveHtml": false,
        "saveJson": true,
        "consoleReporter": "spec",
        "useInlineDiffs": false,
        "code": true
      },
      "version": "6.2.2"
    },
    "marge": {
      "options": {
        "id": "default",
        "reportDir": "cypress/reports/mocha",
        "quite": true,
        "overwrite": false,
        "html": false,
        "json": true
      },
      "version": "5.2.0"
    }
  }
}