<?xml version="1.0" encoding="UTF-8"?>
<testsuites name="Mocha Tests" time="0.0130" tests="2" failures="0" skipped="1">
  <testsuite name="Root Suite" timestamp="2022-02-13T10:41:33" tests="0" file="cypress/integration/2-advanced-examples/UITests/amazonTest.js" time="0.0000" failures="0">
  </testsuite>
  <testsuite name="Amazon" timestamp="2022-02-13T10:41:33" tests="2" time="0.0130" failures="0">
    <testcase name="Amazon ArraysTest" time="0.0130" classname="ArraysTest">
    </testcase>
  </testsuite>
</testsuites>